<?xml version="1.0" encoding="UTF-8"?>
<!-- Generated by org.testng.reporters.JUnitReportReporter -->
<testsuite hostname="sukeerthsahana" failures="0" tests="1" name="runner.TestRunner" time="13.735" errors="0" timestamp="2025-03-06T18:21:54 CST" skipped="0">
  <testcase classname="runner.TestRunner" name="runScenario" time="13.735"/>
</testsuite> <!-- runner.TestRunner -->
